INFO:root: Found DS18B20 sensor 28-800000262ce2 (2017-02-10 09:31:21; pi-st.py:50)
INFO:root: Found DS18B20 sensor 28-800000272f0f (2017-02-10 09:31:21; pi-st.py:50)
INFO:urllib3.connectionpool: Starting new HTTPS connection (1): graph.api.smartthings.com (2017-02-10 09:31:21; connectionpool.py:697)
INFO:urllib3.connectionpool: Starting new HTTPS connection (1): graph.api.smartthings.com (2017-02-10 09:31:22; connectionpool.py:697)
INFO:urllib3.connectionpool: Starting new HTTPS connection (1): graph.api.smartthings.com (2017-02-10 09:31:23; connectionpool.py:697)
INFO:urllib3.connectionpool: Starting new HTTPS connection (1): graph.api.smartthings.com (2017-02-10 09:31:23; connectionpool.py:697)
INFO:urllib3.connectionpool: Starting new HTTPS connection (1): graph.api.smartthings.com (2017-02-10 09:32:24; connectionpool.py:697)
INFO:urllib3.connectionpool: Starting new HTTPS connection (1): graph.api.smartthings.com (2017-02-10 09:32:25; connectionpool.py:697)
INFO:urllib3.connectionpool: Starting new HTTPS connection (1): graph.api.smartthings.com (2017-02-10 09:32:40; connectionpool.py:697)
INFO:root: Found DS18B20 sensor 28-800000262ce2 (2017-02-10 09:35:48; pi-st.py:50)
INFO:root: Found DS18B20 sensor 28-800000272f0f (2017-02-10 09:35:48; pi-st.py:50)
INFO:urllib3.connectionpool: Starting new HTTPS connection (1): graph.api.smartthings.com (2017-02-10 09:35:48; connectionpool.py:697)
INFO:root: Endpoint URL for Test waterproof sensor found!... (2017-02-10 09:35:49; pi-st.py:95)
INFO:urllib3.connectionpool: Starting new HTTPS connection (1): graph.api.smartthings.com (2017-02-10 09:35:49; connectionpool.py:697)
INFO:root: Endpoint URL for Test mini sensor found!... (2017-02-10 09:35:49; pi-st.py:95)
INFO:root: Niter: 120	date: 2017-02-10 09:35:49	dsname: Test waterproof sensor	temp_f: 80.7116 (2017-02-10 09:35:49; pi-st.py:114)
INFO:urllib3.connectionpool: Starting new HTTPS connection (1): graph.api.smartthings.com (2017-02-10 09:35:49; connectionpool.py:697)
INFO:root: Niter: 120	date: 2017-02-10 09:35:50	dsname: Test mini sensor	temp_f: 74.975 (2017-02-10 09:35:50; pi-st.py:114)
INFO:urllib3.connectionpool: Starting new HTTPS connection (1): graph.api.smartthings.com (2017-02-10 09:35:50; connectionpool.py:697)
INFO:root: Niter: 119	date: 2017-02-10 09:36:05	dsname: Test waterproof sensor	temp_f: 75.98660000000001 (2017-02-10 09:36:05; pi-st.py:114)
INFO:urllib3.connectionpool: Starting new HTTPS connection (1): graph.api.smartthings.com (2017-02-10 09:36:05; connectionpool.py:697)
INFO:root: Niter: 119	date: 2017-02-10 09:36:06	dsname: Test mini sensor	temp_f: 75.2 (2017-02-10 09:36:06; pi-st.py:114)
INFO:urllib3.connectionpool: Starting new HTTPS connection (1): graph.api.smartthings.com (2017-02-10 09:36:06; connectionpool.py:697)
INFO:root: Niter: 118	date: 2017-02-10 09:36:21	dsname: Test waterproof sensor	temp_f: 75.875 (2017-02-10 09:36:21; pi-st.py:114)
INFO:urllib3.connectionpool: Starting new HTTPS connection (1): graph.api.smartthings.com (2017-02-10 09:36:21; connectionpool.py:697)
INFO:root: Niter: 117	date: 2017-02-10 09:36:37	dsname: Test waterproof sensor	temp_f: 75.7616 (2017-02-10 09:36:37; pi-st.py:114)
INFO:urllib3.connectionpool: Starting new HTTPS connection (1): graph.api.smartthings.com (2017-02-10 09:36:37; connectionpool.py:697)
INFO:root: Niter: 116	date: 2017-02-10 09:36:53	dsname: Test waterproof sensor	temp_f: 75.875 (2017-02-10 09:36:53; pi-st.py:114)
INFO:urllib3.connectionpool: Starting new HTTPS connection (1): graph.api.smartthings.com (2017-02-10 09:36:53; connectionpool.py:697)
INFO:root: Niter: 116	date: 2017-02-10 09:36:53	dsname: Test mini sensor	temp_f: 75.0866 (2017-02-10 09:36:53; pi-st.py:114)
INFO:urllib3.connectionpool: Starting new HTTPS connection (1): graph.api.smartthings.com (2017-02-10 09:36:53; connectionpool.py:697)
INFO:root: Niter: 115	date: 2017-02-10 09:37:09	dsname: Test waterproof sensor	temp_f: 82.73660000000001 (2017-02-10 09:37:09; pi-st.py:114)
INFO:urllib3.connectionpool: Starting new HTTPS connection (1): graph.api.smartthings.com (2017-02-10 09:37:09; connectionpool.py:697)
INFO:root: Niter: 115	date: 2017-02-10 09:37:09	dsname: Test mini sensor	temp_f: 75.2 (2017-02-10 09:37:09; pi-st.py:114)
INFO:urllib3.connectionpool: Starting new HTTPS connection (1): graph.api.smartthings.com (2017-02-10 09:37:09; connectionpool.py:697)
INFO:root: Found DS18B20 sensor 28-800000262ce2 (2017-02-10 09:38:59; pi-st.py:50)
INFO:root: Found DS18B20 sensor 28-800000272f0f (2017-02-10 09:38:59; pi-st.py:50)
INFO:urllib3.connectionpool: Starting new HTTPS connection (1): graph.api.smartthings.com (2017-02-10 09:38:59; connectionpool.py:697)
INFO:root: Endpoint URL for Test waterproof sensor found!... (2017-02-10 09:39:00; pi-st.py:95)
INFO:urllib3.connectionpool: Starting new HTTPS connection (1): graph.api.smartthings.com (2017-02-10 09:39:00; connectionpool.py:697)
INFO:root: Endpoint URL for Test mini sensor found!... (2017-02-10 09:39:00; pi-st.py:95)
INFO:root: Niter: 120	date: 2017-02-10 09:39:00	dsname: Test waterproof sensor	temp_f: 86.1116 (2017-02-10 09:39:00; pi-st.py:114)
INFO:urllib3.connectionpool: Starting new HTTPS connection (1): graph.api.smartthings.com (2017-02-10 09:39:00; connectionpool.py:697)
INFO:root: Niter: 120	date: 2017-02-10 09:39:01	dsname: Test mini sensor	temp_f: 75.2 (2017-02-10 09:39:01; pi-st.py:114)
INFO:urllib3.connectionpool: Starting new HTTPS connection (1): graph.api.smartthings.com (2017-02-10 09:39:01; connectionpool.py:697)
INFO:root: Niter: 119	date: 2017-02-10 09:39:16	dsname: Test waterproof sensor	temp_f: 78.6866 (2017-02-10 09:39:16; pi-st.py:114)
INFO:urllib3.connectionpool: Starting new HTTPS connection (1): graph.api.smartthings.com (2017-02-10 09:39:16; connectionpool.py:697)
INFO:root: Niter: 119	date: 2017-02-10 09:39:17	dsname: Test mini sensor	temp_f: 75.0866 (2017-02-10 09:39:17; pi-st.py:114)
INFO:urllib3.connectionpool: Starting new HTTPS connection (1): graph.api.smartthings.com (2017-02-10 09:39:17; connectionpool.py:697)
INFO:root: Niter: 118	date: 2017-02-10 09:39:32	dsname: Test waterproof sensor	temp_f: 78.23660000000001 (2017-02-10 09:39:32; pi-st.py:114)
INFO:urllib3.connectionpool: Starting new HTTPS connection (1): graph.api.smartthings.com (2017-02-10 09:39:32; connectionpool.py:697)
INFO:root: Niter: 118	date: 2017-02-10 09:39:33	dsname: Test mini sensor	temp_f: 75.2 (2017-02-10 09:39:33; pi-st.py:114)
INFO:urllib3.connectionpool: Starting new HTTPS connection (1): graph.api.smartthings.com (2017-02-10 09:39:33; connectionpool.py:697)
INFO:root: Niter: 116	date: 2017-02-10 09:40:04	dsname: Test waterproof sensor	temp_f: 77.45 (2017-02-10 09:40:04; pi-st.py:114)
INFO:urllib3.connectionpool: Starting new HTTPS connection (1): graph.api.smartthings.com (2017-02-10 09:40:04; connectionpool.py:697)
INFO:root: Niter: 115	date: 2017-02-10 09:40:19	dsname: Test waterproof sensor	temp_f: 77.11160000000001 (2017-02-10 09:40:19; pi-st.py:114)
INFO:urllib3.connectionpool: Starting new HTTPS connection (1): graph.api.smartthings.com (2017-02-10 09:40:19; connectionpool.py:697)
INFO:root: Niter: 114	date: 2017-02-10 09:40:35	dsname: Test waterproof sensor	temp_f: 76.8866 (2017-02-10 09:40:35; pi-st.py:114)
INFO:urllib3.connectionpool: Starting new HTTPS connection (1): graph.api.smartthings.com (2017-02-10 09:40:35; connectionpool.py:697)
INFO:root: Niter: 113	date: 2017-02-10 09:40:51	dsname: Test waterproof sensor	temp_f: 76.6616 (2017-02-10 09:40:51; pi-st.py:114)
INFO:urllib3.connectionpool: Starting new HTTPS connection (1): graph.api.smartthings.com (2017-02-10 09:40:51; connectionpool.py:697)
INFO:root: Niter: 113	date: 2017-02-10 09:40:51	dsname: Test mini sensor	temp_f: 75.3116 (2017-02-10 09:40:51; pi-st.py:114)
INFO:urllib3.connectionpool: Starting new HTTPS connection (1): graph.api.smartthings.com (2017-02-10 09:40:51; connectionpool.py:697)
INFO:root: Niter: 112	date: 2017-02-10 09:41:07	dsname: Test waterproof sensor	temp_f: 76.4366 (2017-02-10 09:41:07; pi-st.py:114)
INFO:urllib3.connectionpool: Starting new HTTPS connection (1): graph.api.smartthings.com (2017-02-10 09:41:07; connectionpool.py:697)
INFO:root: Niter: 112	date: 2017-02-10 09:41:07	dsname: Test mini sensor	temp_f: 75.2 (2017-02-10 09:41:07; pi-st.py:114)
INFO:urllib3.connectionpool: Starting new HTTPS connection (1): graph.api.smartthings.com (2017-02-10 09:41:07; connectionpool.py:697)
INFO:root: Niter: 111	date: 2017-02-10 09:41:23	dsname: Test waterproof sensor	temp_f: 76.2116 (2017-02-10 09:41:23; pi-st.py:114)
INFO:urllib3.connectionpool: Starting new HTTPS connection (1): graph.api.smartthings.com (2017-02-10 09:41:23; connectionpool.py:697)
INFO:root: Niter: 110	date: 2017-02-10 09:41:39	dsname: Test waterproof sensor	temp_f: 76.1 (2017-02-10 09:41:39; pi-st.py:114)
INFO:urllib3.connectionpool: Starting new HTTPS connection (1): graph.api.smartthings.com (2017-02-10 09:41:39; connectionpool.py:697)
INFO:root: Niter: 109	date: 2017-02-10 09:41:54	dsname: Test waterproof sensor	temp_f: 75.98660000000001 (2017-02-10 09:41:54; pi-st.py:114)
INFO:urllib3.connectionpool: Starting new HTTPS connection (1): graph.api.smartthings.com (2017-02-10 09:41:54; connectionpool.py:697)
INFO:root: Niter: 109	date: 2017-02-10 09:41:55	dsname: Test mini sensor	temp_f: 75.3116 (2017-02-10 09:41:55; pi-st.py:114)
INFO:urllib3.connectionpool: Starting new HTTPS connection (1): graph.api.smartthings.com (2017-02-10 09:41:55; connectionpool.py:697)
INFO:root: Niter: 108	date: 2017-02-10 09:42:10	dsname: Test waterproof sensor	temp_f: 75.875 (2017-02-10 09:42:10; pi-st.py:114)
INFO:urllib3.connectionpool: Starting new HTTPS connection (1): graph.api.smartthings.com (2017-02-10 09:42:10; connectionpool.py:697)
INFO:root: Niter: 107	date: 2017-02-10 09:42:26	dsname: Test waterproof sensor	temp_f: 75.7616 (2017-02-10 09:42:26; pi-st.py:114)
INFO:urllib3.connectionpool: Starting new HTTPS connection (1): graph.api.smartthings.com (2017-02-10 09:42:26; connectionpool.py:697)
INFO:root: Niter: 106	date: 2017-02-10 09:42:42	dsname: Test waterproof sensor	temp_f: 75.65 (2017-02-10 09:42:42; pi-st.py:114)
INFO:urllib3.connectionpool: Starting new HTTPS connection (1): graph.api.smartthings.com (2017-02-10 09:42:42; connectionpool.py:697)
INFO:root: Niter: 104	date: 2017-02-10 09:43:13	dsname: Test waterproof sensor	temp_f: 75.5366 (2017-02-10 09:43:13; pi-st.py:114)
INFO:urllib3.connectionpool: Starting new HTTPS connection (1): graph.api.smartthings.com (2017-02-10 09:43:13; connectionpool.py:697)
INFO:root: Niter: 103	date: 2017-02-10 09:43:28	dsname: Test waterproof sensor	temp_f: 75.425 (2017-02-10 09:43:28; pi-st.py:114)
INFO:urllib3.connectionpool: Starting new HTTPS connection (1): graph.api.smartthings.com (2017-02-10 09:43:28; connectionpool.py:697)
INFO:root: Niter: 99	date: 2017-02-10 09:44:30	dsname: Test waterproof sensor	temp_f: 75.3116 (2017-02-10 09:44:30; pi-st.py:114)
INFO:urllib3.connectionpool: Starting new HTTPS connection (1): graph.api.smartthings.com (2017-02-10 09:44:30; connectionpool.py:697)
INFO:root: Niter: 96	date: 2017-02-10 09:45:16	dsname: Test mini sensor	temp_f: 75.425 (2017-02-10 09:45:16; pi-st.py:114)
INFO:urllib3.connectionpool: Starting new HTTPS connection (1): graph.api.smartthings.com (2017-02-10 09:45:16; connectionpool.py:697)
INFO:root: Niter: 92	date: 2017-02-10 09:46:17	dsname: Test mini sensor	temp_f: 75.3116 (2017-02-10 09:46:17; pi-st.py:114)
INFO:urllib3.connectionpool: Starting new HTTPS connection (1): graph.api.smartthings.com (2017-02-10 09:46:17; connectionpool.py:697)
INFO:root: Niter: 90	date: 2017-02-10 09:46:48	dsname: Test mini sensor	temp_f: 75.425 (2017-02-10 09:46:48; pi-st.py:114)
INFO:urllib3.connectionpool: Starting new HTTPS connection (1): graph.api.smartthings.com (2017-02-10 09:46:48; connectionpool.py:697)
INFO:root: Niter: 86	date: 2017-02-10 09:47:49	dsname: Test mini sensor	temp_f: 75.3116 (2017-02-10 09:47:49; pi-st.py:114)
INFO:urllib3.connectionpool: Starting new HTTPS connection (1): graph.api.smartthings.com (2017-02-10 09:47:49; connectionpool.py:697)
INFO:root: Niter: 81	date: 2017-02-10 09:49:05	dsname: Test waterproof sensor	temp_f: 75.2 (2017-02-10 09:49:05; pi-st.py:114)
INFO:urllib3.connectionpool: Starting new HTTPS connection (1): graph.api.smartthings.com (2017-02-10 09:49:05; connectionpool.py:697)
INFO:root: Niter: 81	date: 2017-02-10 09:49:06	dsname: Test mini sensor	temp_f: 75.425 (2017-02-10 09:49:06; pi-st.py:114)
INFO:urllib3.connectionpool: Starting new HTTPS connection (1): graph.api.smartthings.com (2017-02-10 09:49:06; connectionpool.py:697)
INFO:root: Niter: 80	date: 2017-02-10 09:49:22	dsname: Test mini sensor	temp_f: 75.3116 (2017-02-10 09:49:22; pi-st.py:114)
INFO:urllib3.connectionpool: Starting new HTTPS connection (1): graph.api.smartthings.com (2017-02-10 09:49:22; connectionpool.py:697)
INFO:root: Niter: 72	date: 2017-02-10 09:51:23	dsname: Test mini sensor	temp_f: 75.2 (2017-02-10 09:51:23; pi-st.py:114)
INFO:urllib3.connectionpool: Starting new HTTPS connection (1): graph.api.smartthings.com (2017-02-10 09:51:23; connectionpool.py:697)
INFO:root: Niter: 66	date: 2017-02-10 09:52:55	dsname: Test mini sensor	temp_f: 75.3116 (2017-02-10 09:52:55; pi-st.py:114)
INFO:urllib3.connectionpool: Starting new HTTPS connection (1): graph.api.smartthings.com (2017-02-10 09:52:55; connectionpool.py:697)
INFO:root: Niter: 61	date: 2017-02-10 09:54:12	dsname: Test waterproof sensor	temp_f: 75.3116 (2017-02-10 09:54:12; pi-st.py:114)
INFO:urllib3.connectionpool: Starting new HTTPS connection (1): graph.api.smartthings.com (2017-02-10 09:54:12; connectionpool.py:697)
INFO:root: Niter: 59	date: 2017-02-10 09:54:42	dsname: Test waterproof sensor	temp_f: 75.2 (2017-02-10 09:54:42; pi-st.py:114)
INFO:urllib3.connectionpool: Starting new HTTPS connection (1): graph.api.smartthings.com (2017-02-10 09:54:42; connectionpool.py:697)
INFO:root: Niter: 59	date: 2017-02-10 09:54:43	dsname: Test mini sensor	temp_f: 75.425 (2017-02-10 09:54:43; pi-st.py:114)
INFO:urllib3.connectionpool: Starting new HTTPS connection (1): graph.api.smartthings.com (2017-02-10 09:54:43; connectionpool.py:697)
INFO:root: Niter: 58	date: 2017-02-10 09:54:59	dsname: Test waterproof sensor	temp_f: 75.3116 (2017-02-10 09:54:59; pi-st.py:114)
INFO:urllib3.connectionpool: Starting new HTTPS connection (1): graph.api.smartthings.com (2017-02-10 09:54:59; connectionpool.py:697)
INFO:root: Niter: 56	date: 2017-02-10 09:55:29	dsname: Test mini sensor	temp_f: 75.3116 (2017-02-10 09:55:29; pi-st.py:114)
INFO:urllib3.connectionpool: Starting new HTTPS connection (1): graph.api.smartthings.com (2017-02-10 09:55:29; connectionpool.py:697)
INFO:root: Niter: 50	date: 2017-02-10 09:57:02	dsname: Test waterproof sensor	temp_f: 75.2 (2017-02-10 09:57:02; pi-st.py:114)
INFO:urllib3.connectionpool: Starting new HTTPS connection (1): graph.api.smartthings.com (2017-02-10 09:57:02; connectionpool.py:697)
INFO:root: Niter: 44	date: 2017-02-10 09:58:33	dsname: Test mini sensor	temp_f: 75.2 (2017-02-10 09:58:33; pi-st.py:114)
INFO:urllib3.connectionpool: Starting new HTTPS connection (1): graph.api.smartthings.com (2017-02-10 09:58:33; connectionpool.py:697)
INFO:root: Niter: 41	date: 2017-02-10 09:59:19	dsname: Test mini sensor	temp_f: 75.3116 (2017-02-10 09:59:19; pi-st.py:114)
INFO:urllib3.connectionpool: Starting new HTTPS connection (1): graph.api.smartthings.com (2017-02-10 09:59:19; connectionpool.py:697)
INFO:root: Niter: 40	date: 2017-02-10 09:59:35	dsname: Test waterproof sensor	temp_f: 75.3116 (2017-02-10 09:59:35; pi-st.py:114)
INFO:urllib3.connectionpool: Starting new HTTPS connection (1): graph.api.smartthings.com (2017-02-10 09:59:35; connectionpool.py:697)
INFO:root: Niter: 40	date: 2017-02-10 09:59:37	dsname: Test mini sensor	temp_f: 75.2 (2017-02-10 09:59:37; pi-st.py:114)
INFO:urllib3.connectionpool: Starting new HTTPS connection (1): graph.api.smartthings.com (2017-02-10 09:59:37; connectionpool.py:697)
INFO:root: Niter: 36	date: 2017-02-10 10:00:38	dsname: Test mini sensor	temp_f: 75.3116 (2017-02-10 10:00:38; pi-st.py:114)
INFO:urllib3.connectionpool: Starting new HTTPS connection (1): graph.api.smartthings.com (2017-02-10 10:00:38; connectionpool.py:697)
INFO:root: Niter: 34	date: 2017-02-10 10:01:09	dsname: Test mini sensor	temp_f: 75.2 (2017-02-10 10:01:09; pi-st.py:114)
INFO:urllib3.connectionpool: Starting new HTTPS connection (1): graph.api.smartthings.com (2017-02-10 10:01:09; connectionpool.py:697)
INFO:root: Niter: 17	date: 2017-02-10 10:05:27	dsname: Test mini sensor	temp_f: 75.3116 (2017-02-10 10:05:27; pi-st.py:114)
INFO:urllib3.connectionpool: Starting new HTTPS connection (1): graph.api.smartthings.com (2017-02-10 10:05:27; connectionpool.py:697)
INFO:root: Niter: 15	date: 2017-02-10 10:05:58	dsname: Test waterproof sensor	temp_f: 75.2 (2017-02-10 10:05:58; pi-st.py:114)
INFO:urllib3.connectionpool: Starting new HTTPS connection (1): graph.api.smartthings.com (2017-02-10 10:05:58; connectionpool.py:697)
INFO:root: Niter: 14	date: 2017-02-10 10:06:14	dsname: Test waterproof sensor	temp_f: 75.3116 (2017-02-10 10:06:14; pi-st.py:114)
INFO:urllib3.connectionpool: Starting new HTTPS connection (1): graph.api.smartthings.com (2017-02-10 10:06:14; connectionpool.py:697)
INFO:root: Niter: 13	date: 2017-02-10 10:06:29	dsname: Test mini sensor	temp_f: 75.425 (2017-02-10 10:06:29; pi-st.py:114)
INFO:urllib3.connectionpool: Starting new HTTPS connection (1): graph.api.smartthings.com (2017-02-10 10:06:29; connectionpool.py:697)
INFO:root: Niter: 10	date: 2017-02-10 10:07:15	dsname: Test mini sensor	temp_f: 75.3116 (2017-02-10 10:07:15; pi-st.py:114)
INFO:urllib3.connectionpool: Starting new HTTPS connection (1): graph.api.smartthings.com (2017-02-10 10:07:15; connectionpool.py:697)
INFO:root: Niter: 5	date: 2017-02-10 10:08:32	dsname: Test mini sensor	temp_f: 75.425 (2017-02-10 10:08:32; pi-st.py:114)
INFO:urllib3.connectionpool: Starting new HTTPS connection (1): graph.api.smartthings.com (2017-02-10 10:08:32; connectionpool.py:697)
INFO:root: Found DS18B20 sensor 28-800000262ce2 (2017-02-10 11:21:23; pi-st.py:51)
INFO:root: Found DS18B20 sensor 28-800000272f0f (2017-02-10 11:21:23; pi-st.py:51)
INFO:root: Endpoint URL for Test waterproof sensor found!... (2017-02-10 11:21:23; pi-st.py:96)
INFO:root: Endpoint URL for Test mini sensor found!... (2017-02-10 11:21:24; pi-st.py:96)
INFO:root: Niter: 120	date: 2017-02-10 11:21:24	dsname: Test waterproof sensor	temp_f: 75.3116 (2017-02-10 11:21:24; pi-st.py:115)
INFO:root: Niter: 120	date: 2017-02-10 11:21:25	dsname: Test mini sensor	temp_f: 75.425 (2017-02-10 11:21:25; pi-st.py:115)
INFO:root: Niter: 119	date: 2017-02-10 11:21:40	dsname: Test waterproof sensor	temp_f: 74.975 (2017-02-10 11:21:40; pi-st.py:115)
INFO:root: Niter: 119	date: 2017-02-10 11:21:41	dsname: Test mini sensor	temp_f: 74.975 (2017-02-10 11:21:41; pi-st.py:115)
INFO:root: Niter: 118	date: 2017-02-10 11:21:57	dsname: Test mini sensor	temp_f: 75.0866 (2017-02-10 11:21:57; pi-st.py:115)
INFO:root: Niter: 117	date: 2017-02-10 11:22:12	dsname: Test mini sensor	temp_f: 74.975 (2017-02-10 11:22:12; pi-st.py:115)
INFO:root: Niter: 116	date: 2017-02-10 11:22:28	dsname: Test waterproof sensor	temp_f: 74.86160000000001 (2017-02-10 11:22:28; pi-st.py:115)
INFO:root: Niter: 114	date: 2017-02-10 11:22:59	dsname: Test mini sensor	temp_f: 75.0866 (2017-02-10 11:22:59; pi-st.py:115)
INFO:root: Niter: 113	date: 2017-02-10 11:23:15	dsname: Test waterproof sensor	temp_f: 74.75 (2017-02-10 11:23:15; pi-st.py:115)
INFO:root: Niter: 112	date: 2017-02-10 11:23:31	dsname: Test mini sensor	temp_f: 74.975 (2017-02-10 11:23:31; pi-st.py:115)
INFO:root: Niter: 111	date: 2017-02-10 11:23:47	dsname: Test mini sensor	temp_f: 74.86160000000001 (2017-02-10 11:23:47; pi-st.py:115)
INFO:root: Niter: 110	date: 2017-02-10 11:24:03	dsname: Test waterproof sensor	temp_f: 74.6366 (2017-02-10 11:24:03; pi-st.py:115)
INFO:root: Niter: 110	date: 2017-02-10 11:24:03	dsname: Test mini sensor	temp_f: 74.75 (2017-02-10 11:24:03; pi-st.py:115)
INFO:root: Niter: 109	date: 2017-02-10 11:24:19	dsname: Test mini sensor	temp_f: 74.86160000000001 (2017-02-10 11:24:19; pi-st.py:115)
INFO:root: Niter: 108	date: 2017-02-10 11:24:34	dsname: Test waterproof sensor	temp_f: 74.525 (2017-02-10 11:24:34; pi-st.py:115)
INFO:root: Niter: 108	date: 2017-02-10 11:24:35	dsname: Test mini sensor	temp_f: 74.75 (2017-02-10 11:24:35; pi-st.py:115)
INFO:root: Niter: 107	date: 2017-02-10 11:24:51	dsname: Test waterproof sensor	temp_f: 74.4116 (2017-02-10 11:24:51; pi-st.py:115)
INFO:root: Niter: 107	date: 2017-02-10 11:24:52	dsname: Test mini sensor	temp_f: 74.6366 (2017-02-10 11:24:52; pi-st.py:115)
INFO:root: Niter: 104	date: 2017-02-10 11:25:37	dsname: Test waterproof sensor	temp_f: 74.3 (2017-02-10 11:25:37; pi-st.py:115)
INFO:root: Niter: 102	date: 2017-02-10 11:26:08	dsname: Test waterproof sensor	temp_f: 74.1866 (2017-02-10 11:26:08; pi-st.py:115)
INFO:root: Niter: 102	date: 2017-02-10 11:26:09	dsname: Test mini sensor	temp_f: 74.525 (2017-02-10 11:26:09; pi-st.py:115)
INFO:root: Niter: 101	date: 2017-02-10 11:26:25	dsname: Test waterproof sensor	temp_f: 74.075 (2017-02-10 11:26:25; pi-st.py:115)
INFO:root: Niter: 101	date: 2017-02-10 11:26:26	dsname: Test mini sensor	temp_f: 74.4116 (2017-02-10 11:26:26; pi-st.py:115)
INFO:root: Niter: 100	date: 2017-02-10 11:26:41	dsname: Test waterproof sensor	temp_f: 73.9616 (2017-02-10 11:26:41; pi-st.py:115)
INFO:root: Niter: 99	date: 2017-02-10 11:26:57	dsname: Test waterproof sensor	temp_f: 74.075 (2017-02-10 11:26:57; pi-st.py:115)
INFO:root: Niter: 99	date: 2017-02-10 11:26:58	dsname: Test mini sensor	temp_f: 74.3 (2017-02-10 11:26:58; pi-st.py:115)
INFO:root: Niter: 98	date: 2017-02-10 11:27:13	dsname: Test waterproof sensor	temp_f: 73.9616 (2017-02-10 11:27:13; pi-st.py:115)
INFO:root: Niter: 94	date: 2017-02-10 11:28:15	dsname: Test waterproof sensor	temp_f: 73.85 (2017-02-10 11:28:15; pi-st.py:115)
INFO:root: Niter: 94	date: 2017-02-10 11:28:15	dsname: Test mini sensor	temp_f: 74.1866 (2017-02-10 11:28:15; pi-st.py:115)
INFO:root: Niter: 91	date: 2017-02-10 11:29:01	dsname: Test waterproof sensor	temp_f: 73.73660000000001 (2017-02-10 11:29:01; pi-st.py:115)
INFO:root: Niter: 91	date: 2017-02-10 11:29:02	dsname: Test mini sensor	temp_f: 74.075 (2017-02-10 11:29:02; pi-st.py:115)
INFO:root: Niter: 89	date: 2017-02-10 11:29:33	dsname: Test waterproof sensor	temp_f: 73.625 (2017-02-10 11:29:33; pi-st.py:115)
INFO:root: Niter: 89	date: 2017-02-10 11:29:33	dsname: Test mini sensor	temp_f: 73.9616 (2017-02-10 11:29:33; pi-st.py:115)
INFO:root: Niter: 88	date: 2017-02-10 11:29:49	dsname: Test mini sensor	temp_f: 74.075 (2017-02-10 11:29:49; pi-st.py:115)
INFO:root: Niter: 87	date: 2017-02-10 11:30:04	dsname: Test waterproof sensor	temp_f: 73.5116 (2017-02-10 11:30:04; pi-st.py:115)
INFO:root: Niter: 86	date: 2017-02-10 11:30:20	dsname: Test mini sensor	temp_f: 73.9616 (2017-02-10 11:30:20; pi-st.py:115)
INFO:root: Niter: 85	date: 2017-02-10 11:30:36	dsname: Test mini sensor	temp_f: 74.075 (2017-02-10 11:30:36; pi-st.py:115)
INFO:root: Niter: 83	date: 2017-02-10 11:31:06	dsname: Test waterproof sensor	temp_f: 73.4 (2017-02-10 11:31:06; pi-st.py:115)
INFO:root: Niter: 83	date: 2017-02-10 11:31:07	dsname: Test mini sensor	temp_f: 73.9616 (2017-02-10 11:31:07; pi-st.py:115)
INFO:root: Niter: 81	date: 2017-02-10 11:31:38	dsname: Test mini sensor	temp_f: 73.85 (2017-02-10 11:31:38; pi-st.py:115)
INFO:root: Niter: 80	date: 2017-02-10 11:31:53	dsname: Test waterproof sensor	temp_f: 73.2866 (2017-02-10 11:31:53; pi-st.py:115)
INFO:root: Niter: 78	date: 2017-02-10 11:32:24	dsname: Test waterproof sensor	temp_f: 73.175 (2017-02-10 11:32:24; pi-st.py:115)
INFO:root: Niter: 77	date: 2017-02-10 11:32:40	dsname: Test mini sensor	temp_f: 73.9616 (2017-02-10 11:32:40; pi-st.py:115)
INFO:root: Niter: 76	date: 2017-02-10 11:32:56	dsname: Test mini sensor	temp_f: 73.85 (2017-02-10 11:32:56; pi-st.py:115)
INFO:root: Niter: 75	date: 2017-02-10 11:33:11	dsname: Test waterproof sensor	temp_f: 73.0616 (2017-02-10 11:33:11; pi-st.py:115)
INFO:root: Niter: 74	date: 2017-02-10 11:33:27	dsname: Test mini sensor	temp_f: 73.9616 (2017-02-10 11:33:27; pi-st.py:115)
INFO:root: Niter: 72	date: 2017-02-10 11:33:58	dsname: Test waterproof sensor	temp_f: 73.175 (2017-02-10 11:33:58; pi-st.py:115)
INFO:root: Niter: 72	date: 2017-02-10 11:33:58	dsname: Test mini sensor	temp_f: 74.075 (2017-02-10 11:33:58; pi-st.py:115)
INFO:root: Niter: 70	date: 2017-02-10 11:34:29	dsname: Test waterproof sensor	temp_f: 73.2866 (2017-02-10 11:34:29; pi-st.py:115)
INFO:root: Niter: 70	date: 2017-02-10 11:34:30	dsname: Test mini sensor	temp_f: 74.1866 (2017-02-10 11:34:30; pi-st.py:115)
INFO:root: Niter: 68	date: 2017-02-10 11:35:00	dsname: Test waterproof sensor	temp_f: 73.4 (2017-02-10 11:35:00; pi-st.py:115)
INFO:root: Niter: 67	date: 2017-02-10 11:35:16	dsname: Test waterproof sensor	temp_f: 73.5116 (2017-02-10 11:35:16; pi-st.py:115)
INFO:root: Niter: 67	date: 2017-02-10 11:35:17	dsname: Test mini sensor	temp_f: 74.3 (2017-02-10 11:35:17; pi-st.py:115)
INFO:root: Niter: 66	date: 2017-02-10 11:35:32	dsname: Test waterproof sensor	temp_f: 73.625 (2017-02-10 11:35:32; pi-st.py:115)
INFO:root: Niter: 64	date: 2017-02-10 11:36:03	dsname: Test waterproof sensor	temp_f: 73.73660000000001 (2017-02-10 11:36:03; pi-st.py:115)
INFO:root: Niter: 64	date: 2017-02-10 11:36:04	dsname: Test mini sensor	temp_f: 74.4116 (2017-02-10 11:36:04; pi-st.py:115)
INFO:root: Niter: 63	date: 2017-02-10 11:36:19	dsname: Test waterproof sensor	temp_f: 73.625 (2017-02-10 11:36:19; pi-st.py:115)
INFO:root: Niter: 63	date: 2017-02-10 11:36:20	dsname: Test mini sensor	temp_f: 74.3 (2017-02-10 11:36:20; pi-st.py:115)
INFO:root: Niter: 61	date: 2017-02-10 11:36:50	dsname: Test waterproof sensor	temp_f: 73.73660000000001 (2017-02-10 11:36:50; pi-st.py:115)
INFO:root: Niter: 61	date: 2017-02-10 11:36:51	dsname: Test mini sensor	temp_f: 74.4116 (2017-02-10 11:36:51; pi-st.py:115)
INFO:root: Niter: 59	date: 2017-02-10 11:37:22	dsname: Test waterproof sensor	temp_f: 73.85 (2017-02-10 11:37:22; pi-st.py:115)
INFO:root: Niter: 58	date: 2017-02-10 11:37:37	dsname: Test waterproof sensor	temp_f: 73.9616 (2017-02-10 11:37:37; pi-st.py:115)
INFO:root: Niter: 58	date: 2017-02-10 11:37:38	dsname: Test mini sensor	temp_f: 74.525 (2017-02-10 11:37:38; pi-st.py:115)
INFO:root: Niter: 57	date: 2017-02-10 11:37:53	dsname: Test waterproof sensor	temp_f: 74.075 (2017-02-10 11:37:53; pi-st.py:115)
INFO:root: Niter: 57	date: 2017-02-10 11:37:54	dsname: Test mini sensor	temp_f: 74.6366 (2017-02-10 11:37:54; pi-st.py:115)
INFO:root: Niter: 56	date: 2017-02-10 11:38:10	dsname: Test waterproof sensor	temp_f: 74.1866 (2017-02-10 11:38:10; pi-st.py:115)
INFO:root: Niter: 56	date: 2017-02-10 11:38:10	dsname: Test mini sensor	temp_f: 77.7866 (2017-02-10 11:38:10; pi-st.py:115)
INFO:root: Niter: 55	date: 2017-02-10 11:38:26	dsname: Test waterproof sensor	temp_f: 74.3 (2017-02-10 11:38:26; pi-st.py:115)
INFO:root: Niter: 55	date: 2017-02-10 11:38:26	dsname: Test mini sensor	temp_f: 76.1 (2017-02-10 11:38:26; pi-st.py:115)
INFO:root: Niter: 54	date: 2017-02-10 11:38:42	dsname: Test mini sensor	temp_f: 75.5366 (2017-02-10 11:38:42; pi-st.py:115)
INFO:root: Niter: 53	date: 2017-02-10 11:38:57	dsname: Test waterproof sensor	temp_f: 74.4116 (2017-02-10 11:38:57; pi-st.py:115)
INFO:root: Niter: 53	date: 2017-02-10 11:38:58	dsname: Test mini sensor	temp_f: 75.3116 (2017-02-10 11:38:58; pi-st.py:115)
INFO:root: Niter: 52	date: 2017-02-10 11:39:14	dsname: Test waterproof sensor	temp_f: 74.525 (2017-02-10 11:39:14; pi-st.py:115)
INFO:root: Niter: 51	date: 2017-02-10 11:39:29	dsname: Test waterproof sensor	temp_f: 74.75 (2017-02-10 11:39:29; pi-st.py:115)
INFO:root: Niter: 51	date: 2017-02-10 11:39:30	dsname: Test mini sensor	temp_f: 75.2 (2017-02-10 11:39:30; pi-st.py:115)
INFO:root: Niter: 50	date: 2017-02-10 11:39:45	dsname: Test waterproof sensor	temp_f: 74.86160000000001 (2017-02-10 11:39:45; pi-st.py:115)
INFO:root: Found DS18B20 sensor 28-800000262ce2 (2017-02-10 12:20:22; pi-st.py:59)
INFO:root: Found DS18B20 sensor 28-80000026331f (2017-02-10 12:20:22; pi-st.py:59)
INFO:root: Found DS18B20 sensor 28-0114b80e0bff (2017-02-10 12:20:22; pi-st.py:59)
INFO:root: Found DS18B20 sensor 28-800000272f0f (2017-02-10 12:20:22; pi-st.py:59)
INFO:root: Endpoint URL for Pool - Solar Lead Temp found!... (2017-02-10 12:20:22; pi-st.py:104)
INFO:root: Endpoint URL for Pool - Solar Return Temp found!... (2017-02-10 12:20:23; pi-st.py:104)
INFO:root: Endpoint URL for Pool - Return Temp found!... (2017-02-10 12:20:23; pi-st.py:104)
INFO:root: Endpoint URL for Test mini sensor found!... (2017-02-10 12:20:23; pi-st.py:104)
INFO:root: Niter: 120	date: 2017-02-10 12:20:23	dsname: Pool - Solar Lead Temp	temp_f: 76.6616 (2017-02-10 12:20:23; pi-st.py:123)
INFO:root: Niter: 120	date: 2017-02-10 12:20:24	dsname: Pool - Solar Return Temp	temp_f: 102.2 (2017-02-10 12:20:24; pi-st.py:123)
INFO:root: Niter: 120	date: 2017-02-10 12:20:25	dsname: Pool - Return Temp	temp_f: 76.8866 (2017-02-10 12:20:25; pi-st.py:123)
INFO:root: Niter: 120	date: 2017-02-10 12:20:26	dsname: Test mini sensor	temp_f: 76.325 (2017-02-10 12:20:26; pi-st.py:123)
INFO:root: Niter: 119	date: 2017-02-10 12:20:28	dsname: Pool - Solar Return Temp	temp_f: 101.75 (2017-02-10 12:20:28; pi-st.py:123)
INFO:root: Niter: 119	date: 2017-02-10 12:20:29	dsname: Test mini sensor	temp_f: 76.4366 (2017-02-10 12:20:29; pi-st.py:123)
INFO:root: Niter: 118	date: 2017-02-10 12:20:31	dsname: Pool - Solar Lead Temp	temp_f: 76.55 (2017-02-10 12:20:31; pi-st.py:123)
INFO:root: Niter: 118	date: 2017-02-10 12:20:31	dsname: Pool - Solar Return Temp	temp_f: 101.6366 (2017-02-10 12:20:31; pi-st.py:123)
INFO:root: Niter: 113	date: 2017-02-10 12:20:42	dsname: Pool - Solar Lead Temp	temp_f: 76.4366 (2017-02-10 12:20:42; pi-st.py:123)
INFO:root: Niter: 109	date: 2017-02-10 12:20:51	dsname: Pool - Solar Return Temp	temp_f: 101.525 (2017-02-10 12:20:51; pi-st.py:123)
INFO:root: Niter: 104	date: 2017-02-10 12:21:02	dsname: Pool - Solar Lead Temp	temp_f: 76.325 (2017-02-10 12:21:02; pi-st.py:123)
INFO:root: Niter: 103	date: 2017-02-10 12:21:06	dsname: Pool - Return Temp	temp_f: 76.775 (2017-02-10 12:21:06; pi-st.py:123)
INFO:root: Niter: 102	date: 2017-02-10 12:21:08	dsname: Pool - Solar Lead Temp	temp_f: 76.4366 (2017-02-10 12:21:08; pi-st.py:123)
INFO:root: Niter: 101	date: 2017-02-10 12:21:11	dsname: Pool - Solar Return Temp	temp_f: 101.6366 (2017-02-10 12:21:11; pi-st.py:123)
INFO:root: Niter: 98	date: 2017-02-10 12:21:17	dsname: Pool - Solar Lead Temp	temp_f: 76.325 (2017-02-10 12:21:17; pi-st.py:123)
INFO:root: Niter: 96	date: 2017-02-10 12:21:22	dsname: Pool - Solar Return Temp	temp_f: 101.75 (2017-02-10 12:21:22; pi-st.py:123)
INFO:root: Niter: 94	date: 2017-02-10 12:21:27	dsname: Pool - Solar Return Temp	temp_f: 101.8616 (2017-02-10 12:21:27; pi-st.py:123)
INFO:root: Niter: 94	date: 2017-02-10 12:21:28	dsname: Pool - Return Temp	temp_f: 76.8866 (2017-02-10 12:21:28; pi-st.py:123)
INFO:root: Niter: 93	date: 2017-02-10 12:21:30	dsname: Pool - Solar Lead Temp	temp_f: 76.2116 (2017-02-10 12:21:30; pi-st.py:123)
INFO:root: Niter: 91	date: 2017-02-10 12:21:35	dsname: Pool - Solar Return Temp	temp_f: 101.975 (2017-02-10 12:21:35; pi-st.py:123)
INFO:root: Niter: 89	date: 2017-02-10 12:21:39	dsname: Pool - Solar Return Temp	temp_f: 102.0866 (2017-02-10 12:21:39; pi-st.py:123)
INFO:root: Niter: 88	date: 2017-02-10 12:21:43	dsname: Pool - Return Temp	temp_f: 76.775 (2017-02-10 12:21:43; pi-st.py:123)
INFO:root: Niter: 88	date: 2017-02-10 12:21:43	dsname: Test mini sensor	temp_f: 76.325 (2017-02-10 12:21:43; pi-st.py:123)
INFO:root: Niter: 87	date: 2017-02-10 12:21:45	dsname: Pool - Solar Return Temp	temp_f: 102.2 (2017-02-10 12:21:45; pi-st.py:123)
INFO:root: Niter: 87	date: 2017-02-10 12:21:46	dsname: Pool - Return Temp	temp_f: 76.8866 (2017-02-10 12:21:46; pi-st.py:123)
INFO:root: Niter: 86	date: 2017-02-10 12:21:48	dsname: Pool - Solar Lead Temp	temp_f: 76.325 (2017-02-10 12:21:48; pi-st.py:123)
INFO:root: Niter: 86	date: 2017-02-10 12:21:50	dsname: Test mini sensor	temp_f: 76.4366 (2017-02-10 12:21:50; pi-st.py:123)
INFO:root: Niter: 85	date: 2017-02-10 12:21:51	dsname: Pool - Solar Return Temp	temp_f: 102.3116 (2017-02-10 12:21:51; pi-st.py:123)
INFO:root: Niter: 85	date: 2017-02-10 12:21:53	dsname: Test mini sensor	temp_f: 76.325 (2017-02-10 12:21:53; pi-st.py:123)
INFO:root: Niter: 81	date: 2017-02-10 12:22:01	dsname: Pool - Solar Return Temp	temp_f: 102.425 (2017-02-10 12:22:01; pi-st.py:123)
INFO:root: Niter: 80	date: 2017-02-10 12:22:04	dsname: Pool - Return Temp	temp_f: 76.775 (2017-02-10 12:22:04; pi-st.py:123)
INFO:root: Niter: 79	date: 2017-02-10 12:22:07	dsname: Pool - Return Temp	temp_f: 76.8866 (2017-02-10 12:22:07; pi-st.py:123)
INFO:root: Niter: 78	date: 2017-02-10 12:22:09	dsname: Pool - Return Temp	temp_f: 76.775 (2017-02-10 12:22:09; pi-st.py:123)
INFO:root: Niter: 76	date: 2017-02-10 12:22:13	dsname: Pool - Solar Lead Temp	temp_f: 76.4366 (2017-02-10 12:22:13; pi-st.py:123)
INFO:root: Niter: 76	date: 2017-02-10 12:22:14	dsname: Pool - Solar Return Temp	temp_f: 102.53659999999999 (2017-02-10 12:22:14; pi-st.py:123)
INFO:root: Niter: 76	date: 2017-02-10 12:22:15	dsname: Pool - Return Temp	temp_f: 76.8866 (2017-02-10 12:22:15; pi-st.py:123)
INFO:root: Niter: 74	date: 2017-02-10 12:22:19	dsname: Pool - Solar Lead Temp	temp_f: 76.325 (2017-02-10 12:22:19; pi-st.py:123)
INFO:root: Niter: 73	date: 2017-02-10 12:22:22	dsname: Test mini sensor	temp_f: 76.4366 (2017-02-10 12:22:22; pi-st.py:123)
INFO:root: Niter: 72	date: 2017-02-10 12:22:25	dsname: Pool - Return Temp	temp_f: 77.0 (2017-02-10 12:22:25; pi-st.py:123)
INFO:root: Niter: 72	date: 2017-02-10 12:22:26	dsname: Test mini sensor	temp_f: 76.325 (2017-02-10 12:22:26; pi-st.py:123)
INFO:root: Niter: 71	date: 2017-02-10 12:22:27	dsname: Pool - Solar Lead Temp	temp_f: 76.4366 (2017-02-10 12:22:27; pi-st.py:123)
INFO:root: Niter: 71	date: 2017-02-10 12:22:27	dsname: Pool - Solar Return Temp	temp_f: 102.65 (2017-02-10 12:22:27; pi-st.py:123)
INFO:root: Niter: 70	date: 2017-02-10 12:22:31	dsname: Test mini sensor	temp_f: 76.4366 (2017-02-10 12:22:31; pi-st.py:123)
INFO:root: Niter: 68	date: 2017-02-10 12:22:36	dsname: Pool - Return Temp	temp_f: 77.11160000000001 (2017-02-10 12:22:36; pi-st.py:123)
INFO:root: Niter: 67	date: 2017-02-10 12:22:37	dsname: Pool - Solar Return Temp	temp_f: 102.7616 (2017-02-10 12:22:37; pi-st.py:123)
INFO:root: Niter: 66	date: 2017-02-10 12:22:41	dsname: Pool - Return Temp	temp_f: 77.225 (2017-02-10 12:22:41; pi-st.py:123)
INFO:root: Niter: 65	date: 2017-02-10 12:22:42	dsname: Pool - Solar Lead Temp	temp_f: 76.55 (2017-02-10 12:22:42; pi-st.py:123)
INFO:root: Niter: 65	date: 2017-02-10 12:22:44	dsname: Test mini sensor	temp_f: 76.55 (2017-02-10 12:22:44; pi-st.py:123)
INFO:root: Niter: 64	date: 2017-02-10 12:22:46	dsname: Pool - Solar Return Temp	temp_f: 102.65 (2017-02-10 12:22:46; pi-st.py:123)
INFO:root: Niter: 64	date: 2017-02-10 12:22:47	dsname: Pool - Return Temp	temp_f: 77.3366 (2017-02-10 12:22:47; pi-st.py:123)
INFO:root: Niter: 64	date: 2017-02-10 12:22:48	dsname: Test mini sensor	temp_f: 76.6616 (2017-02-10 12:22:48; pi-st.py:123)
INFO:root: Niter: 63	date: 2017-02-10 12:22:50	dsname: Pool - Return Temp	temp_f: 77.45 (2017-02-10 12:22:50; pi-st.py:123)
INFO:root: Niter: 62	date: 2017-02-10 12:22:52	dsname: Pool - Solar Lead Temp	temp_f: 76.6616 (2017-02-10 12:22:52; pi-st.py:123)
INFO:root: Niter: 61	date: 2017-02-10 12:22:55	dsname: Pool - Return Temp	temp_f: 77.5616 (2017-02-10 12:22:55; pi-st.py:123)
INFO:root: Niter: 61	date: 2017-02-10 12:22:56	dsname: Test mini sensor	temp_f: 76.775 (2017-02-10 12:22:56; pi-st.py:123)
INFO:root: Niter: 60	date: 2017-02-10 12:22:58	dsname: Pool - Solar Return Temp	temp_f: 102.7616 (2017-02-10 12:22:58; pi-st.py:123)
INFO:root: Niter: 59	date: 2017-02-10 12:23:00	dsname: Pool - Solar Lead Temp	temp_f: 76.775 (2017-02-10 12:23:00; pi-st.py:123)
INFO:root: Niter: 59	date: 2017-02-10 12:23:02	dsname: Pool - Return Temp	temp_f: 77.675 (2017-02-10 12:23:02; pi-st.py:123)
INFO:root: Niter: 59	date: 2017-02-10 12:23:02	dsname: Test mini sensor	temp_f: 76.8866 (2017-02-10 12:23:02; pi-st.py:123)
INFO:root: Niter: 56	date: 2017-02-10 12:23:09	dsname: Pool - Return Temp	temp_f: 77.7866 (2017-02-10 12:23:09; pi-st.py:123)
INFO:root: Niter: 56	date: 2017-02-10 12:23:09	dsname: Test mini sensor	temp_f: 77.0 (2017-02-10 12:23:09; pi-st.py:123)
INFO:root: Niter: 55	date: 2017-02-10 12:23:11	dsname: Pool - Solar Lead Temp	temp_f: 76.8866 (2017-02-10 12:23:11; pi-st.py:123)
INFO:root: Niter: 55	date: 2017-02-10 12:23:12	dsname: Test mini sensor	temp_f: 76.8866 (2017-02-10 12:23:12; pi-st.py:123)
INFO:root: Niter: 54	date: 2017-02-10 12:23:14	dsname: Pool - Solar Return Temp	temp_f: 102.875 (2017-02-10 12:23:14; pi-st.py:123)
INFO:root: Niter: 53	date: 2017-02-10 12:23:17	dsname: Pool - Return Temp	temp_f: 77.9 (2017-02-10 12:23:17; pi-st.py:123)
INFO:root: Niter: 52	date: 2017-02-10 12:23:20	dsname: Test mini sensor	temp_f: 77.0 (2017-02-10 12:23:20; pi-st.py:123)
INFO:root: Niter: 47	date: 2017-02-10 12:23:29	dsname: Pool - Solar Return Temp	temp_f: 102.9866 (2017-02-10 12:23:29; pi-st.py:123)
INFO:root: Niter: 44	date: 2017-02-10 12:23:36	dsname: Pool - Solar Lead Temp	temp_f: 77.0 (2017-02-10 12:23:36; pi-st.py:123)
INFO:root: Niter: 44	date: 2017-02-10 12:23:37	dsname: Pool - Solar Return Temp	temp_f: 103.1 (2017-02-10 12:23:37; pi-st.py:123)
INFO:root: Niter: 43	date: 2017-02-10 12:23:39	dsname: Pool - Solar Lead Temp	temp_f: 76.8866 (2017-02-10 12:23:39; pi-st.py:123)
INFO:root: Niter: 40	date: 2017-02-10 12:23:46	dsname: Pool - Solar Lead Temp	temp_f: 77.0 (2017-02-10 12:23:46; pi-st.py:123)
INFO:root: Niter: 39	date: 2017-02-10 12:23:49	dsname: Pool - Solar Return Temp	temp_f: 103.2116 (2017-02-10 12:23:49; pi-st.py:123)
INFO:root: Niter: 37	date: 2017-02-10 12:23:54	dsname: Pool - Return Temp	temp_f: 77.7866 (2017-02-10 12:23:54; pi-st.py:123)
INFO:root: Niter: 36	date: 2017-02-10 12:23:57	dsname: Pool - Return Temp	temp_f: 77.9 (2017-02-10 12:23:57; pi-st.py:123)
INFO:root: Niter: 35	date: 2017-02-10 12:23:58	dsname: Pool - Solar Return Temp	temp_f: 103.1 (2017-02-10 12:23:58; pi-st.py:123)
INFO:root: Niter: 30	date: 2017-02-10 12:24:10	dsname: Pool - Return Temp	temp_f: 78.0116 (2017-02-10 12:24:10; pi-st.py:123)
INFO:root: Niter: 28	date: 2017-02-10 12:24:14	dsname: Pool - Solar Return Temp	temp_f: 102.9866 (2017-02-10 12:24:14; pi-st.py:123)
INFO:root: Niter: 25	date: 2017-02-10 12:24:20	dsname: Pool - Solar Lead Temp	temp_f: 77.11160000000001 (2017-02-10 12:24:20; pi-st.py:123)
INFO:root: Niter: 25	date: 2017-02-10 12:24:21	dsname: Pool - Solar Return Temp	temp_f: 102.875 (2017-02-10 12:24:21; pi-st.py:123)
INFO:root: Niter: 21	date: 2017-02-10 12:24:30	dsname: Pool - Solar Return Temp	temp_f: 102.7616 (2017-02-10 12:24:30; pi-st.py:123)
INFO:root: Niter: 20	date: 2017-02-10 12:24:33	dsname: Pool - Return Temp	temp_f: 78.125 (2017-02-10 12:24:33; pi-st.py:123)
INFO:root: Niter: 18	date: 2017-02-10 12:24:38	dsname: Pool - Return Temp	temp_f: 78.0116 (2017-02-10 12:24:38; pi-st.py:123)
INFO:root: Niter: 16	date: 2017-02-10 12:24:42	dsname: Pool - Solar Lead Temp	temp_f: 77.0 (2017-02-10 12:24:42; pi-st.py:123)
INFO:root: Niter: 15	date: 2017-02-10 12:24:45	dsname: Pool - Return Temp	temp_f: 78.125 (2017-02-10 12:24:45; pi-st.py:123)
INFO:root: Niter: 14	date: 2017-02-10 12:24:48	dsname: Pool - Return Temp	temp_f: 78.0116 (2017-02-10 12:24:48; pi-st.py:123)
INFO:root: Niter: 10	date: 2017-02-10 12:24:55	dsname: Pool - Solar Lead Temp	temp_f: 77.11160000000001 (2017-02-10 12:24:55; pi-st.py:123)
INFO:root: Niter: 10	date: 2017-02-10 12:24:57	dsname: Pool - Return Temp	temp_f: 77.9 (2017-02-10 12:24:57; pi-st.py:123)
INFO:root: Niter: 9	date: 2017-02-10 12:24:58	dsname: Pool - Solar Lead Temp	temp_f: 77.0 (2017-02-10 12:24:58; pi-st.py:123)
INFO:root: Niter: 6	date: 2017-02-10 12:25:05	dsname: Pool - Solar Lead Temp	temp_f: 77.11160000000001 (2017-02-10 12:25:05; pi-st.py:123)
INFO:root: Niter: 5	date: 2017-02-10 12:25:08	dsname: Pool - Solar Return Temp	temp_f: 102.65 (2017-02-10 12:25:08; pi-st.py:123)
INFO:root: Niter: 3	date: 2017-02-10 12:25:13	dsname: Pool - Return Temp	temp_f: 78.0116 (2017-02-10 12:25:13; pi-st.py:123)
INFO:root: Niter: 2	date: 2017-02-10 12:25:15	dsname: Pool - Solar Lead Temp	temp_f: 77.225 (2017-02-10 12:25:15; pi-st.py:123)
INFO:root: Niter: 1	date: 2017-02-10 12:25:18	dsname: Test mini sensor	temp_f: 77.11160000000001 (2017-02-10 12:25:18; pi-st.py:123)
INFO:root: Found DS18B20 sensor 28-800000262ce2 (2017-02-10 12:27:23; pi-st.py:59)
INFO:root: Found DS18B20 sensor 28-80000026331f (2017-02-10 12:27:23; pi-st.py:59)
INFO:root: Found DS18B20 sensor 28-0114b80e0bff (2017-02-10 12:27:23; pi-st.py:59)
INFO:root: Found DS18B20 sensor 28-800000272f0f (2017-02-10 12:27:23; pi-st.py:59)
INFO:root: Endpoint URL for Pool - Solar Lead Temp found!... (2017-02-10 12:27:24; pi-st.py:104)
INFO:root: Found DS18B20 sensor 28-800000262ce2 (2017-02-13 15:57:11; pi-st.py:59)
INFO:root: Found DS18B20 sensor 28-80000026331f (2017-02-13 15:57:11; pi-st.py:59)
INFO:root: Found DS18B20 sensor 28-0114b80e0bff (2017-02-13 15:57:11; pi-st.py:59)
INFO:root: Found DS18B20 sensor 28-800000272f0f (2017-02-13 15:57:11; pi-st.py:59)
INFO:root: Endpoint URL for Pool - Solar Lead Temp found!... (2017-02-13 15:57:11; pi-st.py:104)
INFO:root: Endpoint URL for Pool - Solar Return Temp found!... (2017-02-13 15:57:12; pi-st.py:104)
INFO:root: Endpoint URL for Pool - Return Temp found!... (2017-02-13 15:57:12; pi-st.py:104)
INFO:root: Endpoint URL for Test mini sensor found!... (2017-02-13 15:57:12; pi-st.py:104)
INFO:root: Niter: 120	date: 2017-02-13 15:57:12	dsname: Pool - Solar Lead Temp	temp_f: 81.61160000000001 (2017-02-13 15:57:12; pi-st.py:124)
INFO:root: Niter: 120	date: 2017-02-13 15:57:13	dsname: Pool - Solar Return Temp	temp_f: 107.9366 (2017-02-13 15:57:13; pi-st.py:124)
INFO:root: Niter: 120	date: 2017-02-13 15:57:14	dsname: Pool - Return Temp	temp_f: 80.6 (2017-02-13 15:57:14; pi-st.py:124)
INFO:root: Niter: 120	date: 2017-02-13 15:57:15	dsname: Test mini sensor	temp_f: 80.0366 (2017-02-13 15:57:15; pi-st.py:124)
INFO:root: Niter: 119	date: 2017-02-13 15:57:30	dsname: Pool - Solar Return Temp	temp_f: 107.7116 (2017-02-13 15:57:30; pi-st.py:124)
INFO:root: Niter: 118	date: 2017-02-13 15:57:47	dsname: Pool - Solar Return Temp	temp_f: 107.375 (2017-02-13 15:57:47; pi-st.py:124)
INFO:root: Niter: 116	date: 2017-02-13 15:58:20	dsname: Pool - Solar Return Temp	temp_f: 107.03659999999999 (2017-02-13 15:58:20; pi-st.py:124)
INFO:root: Niter: 115	date: 2017-02-13 15:58:36	dsname: Pool - Solar Return Temp	temp_f: 106.8116 (2017-02-13 15:58:36; pi-st.py:124)
INFO:root: Niter: 114	date: 2017-02-13 15:58:53	dsname: Pool - Solar Lead Temp	temp_f: 86.0 (2017-02-13 15:58:53; pi-st.py:124)
INFO:root: Niter: 114	date: 2017-02-13 15:58:53	dsname: Pool - Solar Return Temp	temp_f: 106.5866 (2017-02-13 15:58:53; pi-st.py:124)
INFO:root: Niter: 113	date: 2017-02-13 15:59:10	dsname: Pool - Solar Lead Temp	temp_f: 86.78659999999999 (2017-02-13 15:59:10; pi-st.py:124)
INFO:root: Niter: 112	date: 2017-02-13 15:59:26	dsname: Pool - Solar Lead Temp	temp_f: 85.8866 (2017-02-13 15:59:26; pi-st.py:124)
INFO:root: Niter: 111	date: 2017-02-13 15:59:43	dsname: Pool - Solar Lead Temp	temp_f: 85.2116 (2017-02-13 15:59:43; pi-st.py:124)
INFO:root: Niter: 111	date: 2017-02-13 15:59:43	dsname: Pool - Solar Return Temp	temp_f: 106.8116 (2017-02-13 15:59:43; pi-st.py:124)
INFO:root: Niter: 110	date: 2017-02-13 16:00:00	dsname: Pool - Solar Lead Temp	temp_f: 84.65 (2017-02-13 16:00:00; pi-st.py:124)
INFO:root: Niter: 110	date: 2017-02-13 16:00:01	dsname: Pool - Solar Return Temp	temp_f: 107.2616 (2017-02-13 16:00:01; pi-st.py:124)
INFO:root: Niter: 109	date: 2017-02-13 16:00:17	dsname: Pool - Solar Lead Temp	temp_f: 84.0866 (2017-02-13 16:00:17; pi-st.py:124)
INFO:root: Niter: 109	date: 2017-02-13 16:00:18	dsname: Pool - Solar Return Temp	temp_f: 107.825 (2017-02-13 16:00:18; pi-st.py:124)
INFO:root: Niter: 108	date: 2017-02-13 16:00:34	dsname: Pool - Solar Lead Temp	temp_f: 83.6366 (2017-02-13 16:00:34; pi-st.py:124)
INFO:root: Niter: 108	date: 2017-02-13 16:00:35	dsname: Pool - Solar Return Temp	temp_f: 108.16159999999999 (2017-02-13 16:00:35; pi-st.py:124)
INFO:root: Niter: 107	date: 2017-02-13 16:00:51	dsname: Pool - Solar Lead Temp	temp_f: 83.1866 (2017-02-13 16:00:51; pi-st.py:124)
INFO:root: Niter: 107	date: 2017-02-13 16:00:52	dsname: Pool - Solar Return Temp	temp_f: 108.6116 (2017-02-13 16:00:52; pi-st.py:124)
INFO:root: Niter: 106	date: 2017-02-13 16:01:08	dsname: Pool - Solar Lead Temp	temp_f: 82.85 (2017-02-13 16:01:08; pi-st.py:124)
INFO:root: Niter: 106	date: 2017-02-13 16:01:08	dsname: Pool - Solar Return Temp	temp_f: 109.175 (2017-02-13 16:01:08; pi-st.py:124)
INFO:root: Niter: 105	date: 2017-02-13 16:01:25	dsname: Pool - Solar Lead Temp	temp_f: 82.625 (2017-02-13 16:01:25; pi-st.py:124)
INFO:root: Niter: 105	date: 2017-02-13 16:01:26	dsname: Pool - Solar Return Temp	temp_f: 110.075 (2017-02-13 16:01:26; pi-st.py:124)
INFO:root: Niter: 104	date: 2017-02-13 16:01:42	dsname: Pool - Solar Return Temp	temp_f: 110.41159999999999 (2017-02-13 16:01:42; pi-st.py:124)
INFO:root: Niter: 103	date: 2017-02-13 16:01:59	dsname: Pool - Solar Lead Temp	temp_f: 82.4 (2017-02-13 16:01:59; pi-st.py:124)
INFO:root: Niter: 103	date: 2017-02-13 16:01:59	dsname: Pool - Solar Return Temp	temp_f: 110.75 (2017-02-13 16:01:59; pi-st.py:124)
INFO:root: Niter: 102	date: 2017-02-13 16:02:15	dsname: Pool - Solar Lead Temp	temp_f: 82.175 (2017-02-13 16:02:15; pi-st.py:124)
INFO:root: Niter: 102	date: 2017-02-13 16:02:16	dsname: Pool - Solar Return Temp	temp_f: 110.975 (2017-02-13 16:02:16; pi-st.py:124)
INFO:root: Niter: 99	date: 2017-02-13 16:03:05	dsname: Pool - Solar Lead Temp	temp_f: 81.95 (2017-02-13 16:03:05; pi-st.py:124)
INFO:root: Niter: 96	date: 2017-02-13 16:03:53	dsname: Pool - Solar Lead Temp	temp_f: 81.725 (2017-02-13 16:03:53; pi-st.py:124)
INFO:root: Niter: 96	date: 2017-02-13 16:03:55	dsname: Pool - Return Temp	temp_f: 80.825 (2017-02-13 16:03:55; pi-st.py:124)
INFO:root: Niter: 96	date: 2017-02-13 16:03:55	dsname: Test mini sensor	temp_f: 80.2616 (2017-02-13 16:03:55; pi-st.py:124)
INFO:root: Niter: 95	date: 2017-02-13 16:04:11	dsname: Pool - Solar Return Temp	temp_f: 110.6366 (2017-02-13 16:04:11; pi-st.py:124)
INFO:root: Found DS18B20 sensor 28-800000262ce2 (2017-02-13 16:04:43; pi-st.py:59)
INFO:root: Found DS18B20 sensor 28-80000026331f (2017-02-13 16:04:43; pi-st.py:59)
INFO:root: Found DS18B20 sensor 28-0114b80e0bff (2017-02-13 16:04:43; pi-st.py:59)
INFO:root: Found DS18B20 sensor 28-800000272f0f (2017-02-13 16:04:43; pi-st.py:59)
INFO:root: Endpoint URL for Pool - Solar Lead Temp found!... (2017-02-13 16:04:43; pi-st.py:104)
INFO:root: Endpoint URL for Pool - Solar Return Temp found!... (2017-02-13 16:04:44; pi-st.py:104)
INFO:root: Endpoint URL for Pool - Return Temp found!... (2017-02-13 16:04:44; pi-st.py:104)
INFO:root: Endpoint URL for Test mini sensor found!... (2017-02-13 16:04:45; pi-st.py:104)
INFO:root: Niter: 60	date: 2017-02-13 16:04:45	dsname: Pool - Solar Lead Temp	temp_f: 81.61160000000001 (2017-02-13 16:04:45; pi-st.py:124)
INFO:root: Niter: 60	date: 2017-02-13 16:04:45	dsname: Pool - Solar Return Temp	temp_f: 110.525 (2017-02-13 16:04:45; pi-st.py:124)
INFO:root: Niter: 60	date: 2017-02-13 16:04:46	dsname: Pool - Return Temp	temp_f: 80.825 (2017-02-13 16:04:46; pi-st.py:124)
INFO:root: Niter: 60	date: 2017-02-13 16:04:47	dsname: Test mini sensor	temp_f: 80.2616 (2017-02-13 16:04:47; pi-st.py:124)
INFO:root: Niter: 59	date: 2017-02-13 16:05:18	dsname: Pool - Solar Return Temp	temp_f: 110.1866 (2017-02-13 16:05:18; pi-st.py:124)
INFO:root: Niter: 56	date: 2017-02-13 16:06:51	dsname: Pool - Solar Lead Temp	temp_f: 81.3866 (2017-02-13 16:06:51; pi-st.py:124)
INFO:root: Niter: 56	date: 2017-02-13 16:06:52	dsname: Pool - Solar Return Temp	temp_f: 109.85 (2017-02-13 16:06:52; pi-st.py:124)
INFO:root: Niter: 56	date: 2017-02-13 16:06:53	dsname: Pool - Return Temp	temp_f: 81.05 (2017-02-13 16:06:53; pi-st.py:124)
INFO:root: Niter: 55	date: 2017-02-13 16:07:25	dsname: Test mini sensor	temp_f: 80.48660000000001 (2017-02-13 16:07:25; pi-st.py:124)
INFO:root: Niter: 54	date: 2017-02-13 16:07:55	dsname: Pool - Solar Lead Temp	temp_f: 81.725 (2017-02-13 16:07:55; pi-st.py:124)
INFO:root: Niter: 53	date: 2017-02-13 16:08:27	dsname: Pool - Solar Lead Temp	temp_f: 81.95 (2017-02-13 16:08:27; pi-st.py:124)
INFO:root: Niter: 51	date: 2017-02-13 16:09:30	dsname: Pool - Solar Lead Temp	temp_f: 82.2866 (2017-02-13 16:09:30; pi-st.py:124)
INFO:root: Niter: 51	date: 2017-02-13 16:09:30	dsname: Pool - Solar Return Temp	temp_f: 110.1866 (2017-02-13 16:09:30; pi-st.py:124)
INFO:root: Niter: 50	date: 2017-02-13 16:10:02	dsname: Pool - Solar Return Temp	temp_f: 110.6366 (2017-02-13 16:10:02; pi-st.py:124)
INFO:root: Niter: 49	date: 2017-02-13 16:10:33	dsname: Pool - Solar Lead Temp	temp_f: 82.5116 (2017-02-13 16:10:33; pi-st.py:124)
INFO:root: Niter: 49	date: 2017-02-13 16:10:34	dsname: Pool - Solar Return Temp	temp_f: 111.0866 (2017-02-13 16:10:34; pi-st.py:124)
INFO:root: Niter: 48	date: 2017-02-13 16:11:06	dsname: Pool - Solar Lead Temp	temp_f: 82.73660000000001 (2017-02-13 16:11:06; pi-st.py:124)
INFO:root: Niter: 48	date: 2017-02-13 16:11:06	dsname: Pool - Solar Return Temp	temp_f: 111.425 (2017-02-13 16:11:06; pi-st.py:124)
INFO:root: Niter: 47	date: 2017-02-13 16:11:39	dsname: Pool - Return Temp	temp_f: 81.275 (2017-02-13 16:11:39; pi-st.py:124)
INFO:root: Niter: 46	date: 2017-02-13 16:12:09	dsname: Pool - Solar Lead Temp	temp_f: 82.5116 (2017-02-13 16:12:09; pi-st.py:124)
INFO:root: Niter: 46	date: 2017-02-13 16:12:10	dsname: Pool - Solar Return Temp	temp_f: 110.975 (2017-02-13 16:12:10; pi-st.py:124)
INFO:root: Niter: 45	date: 2017-02-13 16:12:41	dsname: Pool - Solar Lead Temp	temp_f: 82.2866 (2017-02-13 16:12:41; pi-st.py:124)
INFO:root: Niter: 43	date: 2017-02-13 16:13:44	dsname: Pool - Solar Lead Temp	temp_f: 82.0616 (2017-02-13 16:13:44; pi-st.py:124)
INFO:root: Niter: 43	date: 2017-02-13 16:13:45	dsname: Pool - Solar Return Temp	temp_f: 110.75 (2017-02-13 16:13:45; pi-st.py:124)
INFO:root: Niter: 43	date: 2017-02-13 16:13:46	dsname: Test mini sensor	temp_f: 80.7116 (2017-02-13 16:13:46; pi-st.py:124)
INFO:root: Niter: 42	date: 2017-02-13 16:14:17	dsname: Pool - Solar Return Temp	temp_f: 110.525 (2017-02-13 16:14:17; pi-st.py:124)
INFO:root: Niter: 41	date: 2017-02-13 16:14:49	dsname: Pool - Solar Lead Temp	temp_f: 81.8366 (2017-02-13 16:14:49; pi-st.py:124)
INFO:root: Niter: 40	date: 2017-02-13 16:15:20	dsname: Pool - Solar Return Temp	temp_f: 110.3 (2017-02-13 16:15:20; pi-st.py:124)
INFO:root: Niter: 39	date: 2017-02-13 16:15:52	dsname: Pool - Solar Return Temp	temp_f: 111.2 (2017-02-13 16:15:52; pi-st.py:124)
INFO:root: Niter: 37	date: 2017-02-13 16:16:55	dsname: Pool - Solar Return Temp	temp_f: 111.53659999999999 (2017-02-13 16:16:55; pi-st.py:124)
INFO:root: Niter: 36	date: 2017-02-13 16:17:26	dsname: Pool - Solar Return Temp	temp_f: 111.9866 (2017-02-13 16:17:26; pi-st.py:124)
INFO:root: Niter: 35	date: 2017-02-13 16:17:58	dsname: Pool - Solar Return Temp	temp_f: 111.65 (2017-02-13 16:17:58; pi-st.py:124)
INFO:root: Niter: 34	date: 2017-02-13 16:18:30	dsname: Pool - Return Temp	temp_f: 81.5 (2017-02-13 16:18:30; pi-st.py:124)
INFO:root: Niter: 30	date: 2017-02-13 16:20:35	dsname: Pool - Solar Return Temp	temp_f: 111.425 (2017-02-13 16:20:35; pi-st.py:124)
INFO:root: Niter: 29	date: 2017-02-13 16:21:06	dsname: Pool - Solar Return Temp	temp_f: 110.975 (2017-02-13 16:21:06; pi-st.py:124)
INFO:root: Niter: 28	date: 2017-02-13 16:21:38	dsname: Pool - Solar Return Temp	temp_f: 110.3 (2017-02-13 16:21:38; pi-st.py:124)
INFO:root: Niter: 28	date: 2017-02-13 16:21:39	dsname: Test mini sensor	temp_f: 80.9366 (2017-02-13 16:21:39; pi-st.py:124)
INFO:root: Niter: 27	date: 2017-02-13 16:22:10	dsname: Pool - Solar Return Temp	temp_f: 109.85 (2017-02-13 16:22:10; pi-st.py:124)
INFO:root: Niter: 26	date: 2017-02-13 16:22:43	dsname: Pool - Solar Return Temp	temp_f: 109.5116 (2017-02-13 16:22:43; pi-st.py:124)
INFO:root: Niter: 24	date: 2017-02-13 16:23:46	dsname: Pool - Solar Return Temp	temp_f: 109.7366 (2017-02-13 16:23:46; pi-st.py:124)
INFO:root: Niter: 23	date: 2017-02-13 16:24:17	dsname: Pool - Solar Return Temp	temp_f: 110.41159999999999 (2017-02-13 16:24:17; pi-st.py:124)
INFO:root: Niter: 22	date: 2017-02-13 16:24:49	dsname: Pool - Solar Return Temp	temp_f: 110.6366 (2017-02-13 16:24:49; pi-st.py:124)
INFO:root: Niter: 19	date: 2017-02-13 16:26:23	dsname: Pool - Solar Lead Temp	temp_f: 82.0616 (2017-02-13 16:26:23; pi-st.py:124)
INFO:root: Niter: 17	date: 2017-02-13 16:27:25	dsname: Pool - Solar Lead Temp	temp_f: 82.4 (2017-02-13 16:27:25; pi-st.py:124)
INFO:root: Niter: 16	date: 2017-02-13 16:27:57	dsname: Pool - Solar Lead Temp	temp_f: 82.625 (2017-02-13 16:27:57; pi-st.py:124)
INFO:root: Niter: 16	date: 2017-02-13 16:27:58	dsname: Pool - Solar Return Temp	temp_f: 110.075 (2017-02-13 16:27:58; pi-st.py:124)
INFO:root: Niter: 15	date: 2017-02-13 16:28:29	dsname: Pool - Solar Return Temp	temp_f: 109.5116 (2017-02-13 16:28:29; pi-st.py:124)
INFO:root: Niter: 15	date: 2017-02-13 16:28:31	dsname: Pool - Return Temp	temp_f: 81.725 (2017-02-13 16:28:31; pi-st.py:124)
INFO:root: Niter: 14	date: 2017-02-13 16:29:01	dsname: Pool - Solar Lead Temp	temp_f: 82.4 (2017-02-13 16:29:01; pi-st.py:124)
INFO:root: Niter: 14	date: 2017-02-13 16:29:02	dsname: Pool - Solar Return Temp	temp_f: 109.175 (2017-02-13 16:29:02; pi-st.py:124)
INFO:root: Niter: 14	date: 2017-02-13 16:29:03	dsname: Test mini sensor	temp_f: 81.1616 (2017-02-13 16:29:03; pi-st.py:124)
INFO:root: Niter: 12	date: 2017-02-13 16:30:05	dsname: Pool - Solar Return Temp	temp_f: 109.4 (2017-02-13 16:30:05; pi-st.py:124)
INFO:root: Niter: 11	date: 2017-02-13 16:30:37	dsname: Pool - Solar Return Temp	temp_f: 109.625 (2017-02-13 16:30:37; pi-st.py:124)
INFO:root: Niter: 10	date: 2017-02-13 16:31:08	dsname: Pool - Solar Return Temp	temp_f: 110.075 (2017-02-13 16:31:08; pi-st.py:124)
INFO:root: Niter: 9	date: 2017-02-13 16:31:40	dsname: Pool - Solar Lead Temp	temp_f: 82.175 (2017-02-13 16:31:40; pi-st.py:124)
INFO:root: Niter: 9	date: 2017-02-13 16:31:40	dsname: Pool - Solar Return Temp	temp_f: 110.41159999999999 (2017-02-13 16:31:40; pi-st.py:124)
INFO:root: Niter: 8	date: 2017-02-13 16:32:12	dsname: Pool - Solar Lead Temp	temp_f: 81.95 (2017-02-13 16:32:12; pi-st.py:124)
INFO:root: Niter: 8	date: 2017-02-13 16:32:13	dsname: Pool - Solar Return Temp	temp_f: 110.75 (2017-02-13 16:32:13; pi-st.py:124)
INFO:root: Niter: 8	date: 2017-02-13 16:32:14	dsname: Pool - Return Temp	temp_f: 81.5 (2017-02-13 16:32:14; pi-st.py:124)
INFO:root: Niter: 6	date: 2017-02-13 16:33:16	dsname: Pool - Solar Lead Temp	temp_f: 81.61160000000001 (2017-02-13 16:33:16; pi-st.py:124)
INFO:root: Niter: 5	date: 2017-02-13 16:33:47	dsname: Pool - Solar Return Temp	temp_f: 111.53659999999999 (2017-02-13 16:33:47; pi-st.py:124)
INFO:root: Niter: 4	date: 2017-02-13 16:34:19	dsname: Pool - Solar Lead Temp	temp_f: 81.3866 (2017-02-13 16:34:19; pi-st.py:124)
INFO:root: Niter: 4	date: 2017-02-13 16:34:19	dsname: Pool - Solar Return Temp	temp_f: 112.8866 (2017-02-13 16:34:19; pi-st.py:124)
INFO:root: Niter: 4	date: 2017-02-13 16:34:21	dsname: Test mini sensor	temp_f: 80.9366 (2017-02-13 16:34:21; pi-st.py:124)
INFO:root: Niter: 3	date: 2017-02-13 16:34:51	dsname: Pool - Solar Lead Temp	temp_f: 81.1616 (2017-02-13 16:34:51; pi-st.py:124)
INFO:root: Niter: 3	date: 2017-02-13 16:34:53	dsname: Pool - Return Temp	temp_f: 81.275 (2017-02-13 16:34:53; pi-st.py:124)
INFO:root: Niter: 2	date: 2017-02-13 16:35:23	dsname: Pool - Solar Return Temp	temp_f: 111.9866 (2017-02-13 16:35:23; pi-st.py:124)
INFO:root: Niter: 1	date: 2017-02-13 16:35:55	dsname: Pool - Solar Return Temp	temp_f: 111.0866 (2017-02-13 16:35:55; pi-st.py:124)
INFO:root: Found DS18B20 sensor 28-800000262ce2 (2017-02-14 08:14:22; pi-st.py:59)
INFO:root: Found DS18B20 sensor 28-80000026331f (2017-02-14 08:14:22; pi-st.py:59)
INFO:root: Found DS18B20 sensor 28-0114b80e0bff (2017-02-14 08:14:22; pi-st.py:59)
ERROR:root: Could not find DS18B20 sensor /sys/bus/w1/devices/28-800000272f0f/w1_slave. Exiting. (2017-02-14 08:14:22; pi-st.py:62)
INFO:root: Found DS18B20 sensor 28-800000262ce2 (2017-02-14 08:15:12; pi-st.py:59)
INFO:root: Found DS18B20 sensor 28-80000026331f (2017-02-14 08:15:12; pi-st.py:59)
INFO:root: Found DS18B20 sensor 28-0114b80e0bff (2017-02-14 08:15:12; pi-st.py:59)
INFO:root: Endpoint URL for Pool - Solar Lead Temp found!... (2017-02-14 08:15:13; pi-st.py:104)
INFO:root: Endpoint URL for Pool - Solar Return Temp found!... (2017-02-14 08:15:13; pi-st.py:104)
INFO:root: Endpoint URL for Pool - Return Temp found!... (2017-02-14 08:15:14; pi-st.py:104)
INFO:root: Niter: 60	date: 2017-02-14 08:15:14	dsname: Pool - Solar Lead Temp	temp_f: 74.86160000000001 (2017-02-14 08:15:14; pi-st.py:124)
INFO:root: Niter: 60	date: 2017-02-14 08:15:15	dsname: Pool - Solar Return Temp	temp_f: 108.275 (2017-02-14 08:15:15; pi-st.py:124)
INFO:root: Niter: 60	date: 2017-02-14 08:15:16	dsname: Pool - Return Temp	temp_f: 77.3366 (2017-02-14 08:15:16; pi-st.py:124)
INFO:root: Niter: 59	date: 2017-02-14 08:15:47	dsname: Pool - Solar Lead Temp	temp_f: 77.7866 (2017-02-14 08:15:47; pi-st.py:124)
INFO:root: Niter: 59	date: 2017-02-14 08:15:47	dsname: Pool - Solar Return Temp	temp_f: 109.85 (2017-02-14 08:15:47; pi-st.py:124)
INFO:root: Niter: 57	date: 2017-02-14 08:16:50	dsname: Pool - Solar Return Temp	temp_f: 110.075 (2017-02-14 08:16:50; pi-st.py:124)
INFO:root: Niter: 52	date: 2017-02-14 08:19:26	dsname: Pool - Solar Return Temp	temp_f: 110.6366 (2017-02-14 08:19:26; pi-st.py:124)
INFO:root: Niter: 51	date: 2017-02-14 08:19:58	dsname: Pool - Solar Return Temp	temp_f: 105.2366 (2017-02-14 08:19:58; pi-st.py:124)
INFO:root: Niter: 50	date: 2017-02-14 08:20:29	dsname: Pool - Solar Lead Temp	temp_f: 82.5116 (2017-02-14 08:20:29; pi-st.py:124)
INFO:root: Niter: 50	date: 2017-02-14 08:20:30	dsname: Pool - Solar Return Temp	temp_f: 107.03659999999999 (2017-02-14 08:20:30; pi-st.py:124)
INFO:root: Niter: 49	date: 2017-02-14 08:21:02	dsname: Pool - Solar Lead Temp	temp_f: 86.5616 (2017-02-14 08:21:02; pi-st.py:124)
INFO:root: Niter: 48	date: 2017-02-14 08:21:33	dsname: Pool - Solar Lead Temp	temp_f: 85.4366 (2017-02-14 08:21:33; pi-st.py:124)
INFO:root: Niter: 48	date: 2017-02-14 08:21:35	dsname: Pool - Return Temp	temp_f: 77.5616 (2017-02-14 08:21:35; pi-st.py:124)
INFO:root: Niter: 47	date: 2017-02-14 08:22:05	dsname: Pool - Solar Lead Temp	temp_f: 84.0866 (2017-02-14 08:22:05; pi-st.py:124)
